<?xml version="1.0" encoding="UTF-8"?>
<!-- Generated by org.testng.reporters.JUnitReportReporter -->
<testsuite hostname="LAPTOP-LL5CK3S2" failures="0" tests="1" name="Sample.Demo" time="0.010" errors="0" timestamp="2024-11-15T10:26:24 IST" skipped="0">
  <testcase classname="Sample.Demo" name="create" time="0.010"/>
</testsuite> <!-- Sample.Demo -->
