<?xml version="1.0" encoding="UTF-8"?>
<!-- Generated by org.testng.reporters.JUnitReportReporter -->
<testsuite hostname="LAPTOP-LL5CK3S2" failures="0" tests="1" name="Sample.Sample" time="0.012" errors="0" timestamp="2024-11-16T10:01:34 IST" skipped="0">
  <testcase classname="Sample.Sample" name="hello" time="0.012"/>
</testsuite> <!-- Sample.Sample -->
