<?xml version="1.0" encoding="UTF-8"?>
<!-- Generated by org.testng.reporters.JUnitReportReporter -->
<testsuite hostname="LAPTOP-LL5CK3S2" failures="0" tests="1" name="Sample.TC_001" time="0.011" errors="0" timestamp="2024-11-18T10:19:27 IST" skipped="0">
  <testcase classname="Sample.TC_001" name="modification" time="0.011"/>
</testsuite> <!-- Sample.TC_001 -->
